<?xml version="1.0" encoding="UTF-8"?>
<!-- Generated by org.testng.reporters.JUnitXMLReporter -->
<testsuite ignored="1" hostname="Mahendrakodimole" failures="0" tests="1" name="Default test" time="47.181" errors="0" timestamp="2023-08-01T23:36:42 IST">
  <testcase classname="testingfy.tests.ErrorValidationsTest" name="productErrorValidation" time="8.183"/>
  <testcase classname="testingfy.tests.ErrorValidationsTest" name="loginErroValidation" time="0.0">
    <ignored/>
  </testcase> <!-- loginErroValidation -->
</testsuite> <!-- Default test -->
