<?xml version="1.0" encoding="UTF-8"?>
<!-- Generated by org.testng.reporters.JUnitXMLReporter -->
<testsuite ignored="0" hostname="Mahendrakodimole" failures="1" tests="3" name="Error Validations Test" time="53.316" errors="0" timestamp="2023-08-02T00:25:58 IST">
  <testcase classname="testingfy.tests.ErrorValidationsTest" name="loginErroValidation" time="2.202">
    <skipped/>
  </testcase> <!-- loginErroValidation -->
  <testcase classname="testingfy.tests.ErrorValidationsTest" name="loginErroValidation" time="5.782">
    <failure type="java.lang.AssertionError" message="expected [Incorrectdefect email or password.] but found [Incorrect email or password.]">
      <![CDATA[java.lang.AssertionError: expected [Incorrectdefect email or password.] but found [Incorrect email or password.]
at testingfy.tests.ErrorValidationsTest.loginErroValidation(ErrorValidationsTest.java:20)
at java.base/java.util.ArrayList.forEach(ArrayList.java:1511)
... Removed 33 stack frames]]>
    </failure>
  </testcase> <!-- loginErroValidation -->
  <testcase classname="testingfy.tests.ErrorValidationsTest" name="productErrorValidation" time="10.215"/>
</testsuite> <!-- Error Validations Test -->
