<?xml version="1.0" encoding="UTF-8"?>
<!-- Generated by org.testng.reporters.JUnitXMLReporter -->
<testsuite ignored="0" hostname="Mahendrakodimole" failures="0" tests="4" name="Submit Order Test" time="111.94" errors="0" timestamp="2023-08-02T00:25:04 IST">
  <testcase classname="testingfy.tests.SubmitOrderTest" name="submitOrder" time="9.855"/>
  <testcase classname="testingfy.tests.SubmitOrderTest" name="submitOrder" time="14.585"/>
  <testcase classname="testingfy.tests.SubmitOrderTest" name="orderHistoryTest" time="3.413"/>
  <testcase classname="testingfy.tests.SubmitOrderTest" name="orderHistoryTest" time="4.995"/>
</testsuite> <!-- Submit Order Test -->
