<?xml version="1.0" encoding="UTF-8"?>
<!-- Generated by org.testng.reporters.JUnitXMLReporter -->
<testsuite ignored="0" hostname="Mahendrakodimole" failures="0" tests="3" name="Test" time="90.561" errors="0" timestamp="2023-07-28T10:56:50 IST">
  <testcase classname="testingfy.tests.ErrorValidations" name="loginErroValidation" time="2.654"/>
  <testcase classname="testingfy.tests.ErrorValidations" name="productErrorValidation" time="8.212"/>
  <testcase classname="testingfy.tests.SubmitOrderTest" name="submitOrder" time="10.78"/>
</testsuite> <!-- Test -->
